<?xml version="1.0" encoding="UTF-8"?>
<testsuite name="caculator.models.CalculatorTest" tests="1" skipped="0" failures="0" errors="0" timestamp="2022-09-29T00:47:34" hostname="choejun-aui-MacBookPro.local" time="0.054">
  <properties/>
  <testcase name="계산 테스트" classname="caculator.models.CalculatorTest" time="0.054"/>
  <system-out><![CDATA[]]></system-out>
  <system-err><![CDATA[]]></system-err>
</testsuite>
